2017-09-05 12:15:41,860 INFO shooter [main] --------------
2017-09-05 12:15:41,862 INFO shooter [main] |Start server|
2017-09-05 12:15:41,862 INFO shooter [main] --------------
2017-09-05 12:15:42,743 INFO shooter [main] bind port 8800 succeed
2017-09-05 12:16:41,863 INFO shooter [Timer-1] active battle field count[0]
2017-09-05 12:16:46,863 INFO shooter [Timer-0] active players count [0]
2017-09-05 12:16:56,638 INFO db [nioEventLoopGroup-3-1] db:connected
2017-09-05 12:16:59,891 INFO shooter [nioEventLoopGroup-3-1] Accept connect from client [0:0:0:0:0:0:0:1] count[10]
2017-09-05 12:17:00,880 INFO shooter [nioEventLoopGroup-3-1] Accept connect from client [0:0:0:0:0:0:0:1] count[10]
2017-09-05 12:17:00,881 INFO shooter [nioEventLoopGroup-3-1] Player [1] offline, CurrentPlayers [0]
2017-09-05 12:17:00,907 INFO db [nioEventLoopGroup-3-1] db: save account [1]
2017-09-05 12:17:01,477 INFO db [nioEventLoopGroup-3-1] db:save player[1]
2017-09-05 12:17:01,499 INFO shooter [nioEventLoopGroup-3-1] account [1] player [1] save to db
2017-09-05 12:17:01,503 INFO shooter [nioEventLoopGroup-3-1] Accept connect from client [0:0:0:0:0:0:0:1] count[11]
2017-09-05 12:17:01,504 INFO shooter [nioEventLoopGroup-3-1] Player [1] offline, CurrentPlayers [0]
2017-09-05 12:17:01,505 INFO db [nioEventLoopGroup-3-1] db: save account [1]
2017-09-05 12:17:01,509 INFO db [nioEventLoopGroup-3-1] db:save player[1]
2017-09-05 12:17:01,511 INFO shooter [nioEventLoopGroup-3-1] account [1] player [1] save to db
2017-09-05 12:17:01,514 INFO shooter [nioEventLoopGroup-3-1] Accept connect from client [0:0:0:0:0:0:0:1] count[12]
2017-09-05 12:17:01,515 INFO shooter [nioEventLoopGroup-3-1] Player [1] offline, CurrentPlayers [0]
2017-09-05 12:17:01,515 INFO db [nioEventLoopGroup-3-1] db: save account [1]
2017-09-05 12:17:01,520 INFO db [nioEventLoopGroup-3-1] db:save player[1]
2017-09-05 12:17:01,522 INFO shooter [nioEventLoopGroup-3-1] account [1] player [1] save to db
2017-09-05 12:17:01,525 INFO shooter [nioEventLoopGroup-3-1] Player [1] offline, CurrentPlayers [0]
2017-09-05 12:17:01,525 INFO db [nioEventLoopGroup-3-1] db: save account [1]
2017-09-05 12:17:01,538 INFO db [nioEventLoopGroup-3-1] db:save player[1]
2017-09-05 12:17:01,557 INFO shooter [nioEventLoopGroup-3-1] account [1] player [1] save to db
2017-09-05 12:17:01,558 INFO shooter [nioEventLoopGroup-3-1] Disconnect from client
2017-09-05 12:17:13,288 INFO shooter [nioEventLoopGroup-3-2] Accept connect from client [0:0:0:0:0:0:0:1] count[13]
2017-09-05 12:17:42,863 INFO shooter [Timer-1] active battle field count[0]
2017-09-05 12:17:51,863 INFO shooter [Timer-0] active players count [1]
2017-09-05 12:17:55,504 INFO shooter [nioEventLoopGroup-3-2] Player [1] offline, CurrentPlayers [0]
2017-09-05 12:17:55,505 INFO db [nioEventLoopGroup-3-2] db: save account [1]
2017-09-05 12:17:55,528 INFO db [nioEventLoopGroup-3-2] db:save player[1]
2017-09-05 12:17:55,536 INFO shooter [nioEventLoopGroup-3-2] account [1] player [1] save to db
2017-09-05 12:17:55,536 INFO shooter [nioEventLoopGroup-3-2] Disconnect from client
2017-09-05 13:40:48,220 INFO shooter [main] --------------
2017-09-05 13:40:48,222 INFO shooter [main] |Start server|
2017-09-05 13:40:48,222 INFO shooter [main] --------------
2017-09-05 13:40:48,805 INFO shooter [main] bind port 8800 succeed
2017-09-05 13:40:56,506 INFO db [nioEventLoopGroup-3-1] db:connected
2017-09-05 13:40:56,561 INFO shooter [nioEventLoopGroup-3-1] Accept connect from client [0:0:0:0:0:0:0:1] count[14]
2017-09-05 13:41:25,731 WARN net [nioEventLoopGroup-3-2] Unhandled proto id [18]
2017-09-05 13:41:25,731 INFO net [nioEventLoopGroup-3-2] proto id [10] data length is unmatched
2017-09-05 13:41:25,732 WARN net [nioEventLoopGroup-3-2] Unhandled proto id [925906993]
2017-09-05 13:41:25,732 WARN net [nioEventLoopGroup-3-2] Unhandled proto id [1339761]
2017-09-05 13:41:25,732 WARN net [nioEventLoopGroup-3-2] Unhandled proto id [842018868]
2017-09-05 13:41:25,734 INFO shooter [nioEventLoopGroup-3-2] Disconnect from client
2017-09-05 13:41:43,676 WARN net [nioEventLoopGroup-3-3] Unhandled proto id [18]
2017-09-05 13:41:43,677 INFO net [nioEventLoopGroup-3-3] proto id [10] data length is unmatched
2017-09-05 13:41:43,677 WARN net [nioEventLoopGroup-3-3] Unhandled proto id [925906993]
2017-09-05 13:41:43,677 WARN net [nioEventLoopGroup-3-3] Unhandled proto id [1339761]
2017-09-05 13:41:43,678 WARN net [nioEventLoopGroup-3-3] Unhandled proto id [842018868]
2017-09-05 13:41:43,680 INFO shooter [nioEventLoopGroup-3-3] Disconnect from client
2017-09-05 13:41:48,223 INFO shooter [Timer-1] active battle field count[0]
2017-09-05 13:41:53,222 INFO shooter [Timer-0] active players count [1]
2017-09-05 13:42:07,743 INFO shooter [main] --------------
2017-09-05 13:42:07,745 INFO shooter [main] |Start server|
2017-09-05 13:42:07,745 INFO shooter [main] --------------
2017-09-05 13:42:08,358 INFO shooter [main] bind port 8800 succeed
2017-09-05 13:42:13,758 WARN net [nioEventLoopGroup-3-1] Unhandled proto id [18]
2017-09-05 13:42:13,759 INFO net [nioEventLoopGroup-3-1] proto id [10] data length is unmatched
2017-09-05 13:42:13,759 WARN net [nioEventLoopGroup-3-1] Unhandled proto id [925906993]
2017-09-05 13:42:13,759 WARN net [nioEventLoopGroup-3-1] Unhandled proto id [1339761]
2017-09-05 13:42:13,759 WARN net [nioEventLoopGroup-3-1] Unhandled proto id [842018868]
2017-09-05 13:42:13,761 INFO shooter [nioEventLoopGroup-3-1] Disconnect from client
2017-09-05 13:43:07,747 INFO shooter [Timer-1] active battle field count[0]
2017-09-05 13:43:12,747 INFO shooter [Timer-0] active players count [0]
2017-09-05 13:44:08,746 INFO shooter [Timer-1] active battle field count[0]
2017-09-05 13:44:17,746 INFO shooter [Timer-0] active players count [0]
2017-09-05 13:45:09,746 INFO shooter [Timer-1] active battle field count[0]
2017-09-05 13:45:22,746 INFO shooter [Timer-0] active players count [0]
2017-09-05 13:46:10,746 INFO shooter [Timer-1] active battle field count[0]
2017-09-05 13:46:27,747 INFO shooter [Timer-0] active players count [0]
2017-09-05 13:47:11,747 INFO shooter [Timer-1] active battle field count[0]
2017-09-05 13:47:26,667 INFO shooter [main] --------------
2017-09-05 13:47:26,669 INFO shooter [main] |Start server|
2017-09-05 13:47:26,669 INFO shooter [main] --------------
2017-09-05 13:47:27,236 INFO shooter [main] bind port 8800 succeed
2017-09-05 13:47:35,302 INFO db [nioEventLoopGroup-3-1] db:connected
2017-09-05 13:47:35,371 INFO shooter [nioEventLoopGroup-3-1] Accept connect from client [0:0:0:0:0:0:0:1] count[14]
2017-09-05 13:47:41,251 INFO shooter [nioEventLoopGroup-3-2] Accept connect from client [0:0:0:0:0:0:0:1] count[2]
2017-09-05 13:47:50,301 INFO shooter [nioEventLoopGroup-3-1] Player [1] offline, CurrentPlayers [1]
2017-09-05 13:47:50,307 INFO db [nioEventLoopGroup-3-1] db: save account [1]
2017-09-05 13:47:50,314 INFO db [nioEventLoopGroup-3-1] db:save player[1]
2017-09-05 13:47:50,315 INFO shooter [nioEventLoopGroup-3-1] account [1] player [1] save to db
2017-09-05 13:47:50,316 INFO shooter [nioEventLoopGroup-3-1] Disconnect from client
2017-09-05 13:47:50,371 INFO shooter [nioEventLoopGroup-3-3] Accept connect from client [0:0:0:0:0:0:0:1] count[15]
2017-09-05 13:47:52,099 INFO shooter [nioEventLoopGroup-3-3] Player [1] offline, CurrentPlayers [1]
2017-09-05 13:47:52,101 INFO db [nioEventLoopGroup-3-3] db: save account [1]
2017-09-05 13:47:52,103 INFO db [nioEventLoopGroup-3-3] db:save player[1]
2017-09-05 13:47:52,105 INFO shooter [nioEventLoopGroup-3-3] account [1] player [1] save to db
2017-09-05 13:47:52,105 INFO shooter [nioEventLoopGroup-3-3] Disconnect from client
2017-09-05 13:47:52,171 INFO shooter [nioEventLoopGroup-3-4] Accept connect from client [0:0:0:0:0:0:0:1] count[16]
2017-09-05 13:48:26,669 INFO shooter [Timer-1] active battle field count[1]
2017-09-05 13:48:31,670 INFO shooter [Timer-0] active players count [2]
2017-09-05 13:49:27,669 INFO shooter [Timer-1] active battle field count[1]
2017-09-05 13:49:36,669 INFO shooter [Timer-0] active players count [2]
2017-09-05 13:50:28,669 INFO shooter [Timer-1] active battle field count[1]
2017-09-05 13:50:41,669 INFO shooter [Timer-0] active players count [2]
2017-09-05 13:51:24,360 INFO shooter [nioEventLoopGroup-3-4] Player [1] offline, CurrentPlayers [1]
2017-09-05 13:51:24,361 INFO db [nioEventLoopGroup-3-4] db: save account [1]
2017-09-05 13:51:24,363 INFO db [nioEventLoopGroup-3-4] db:save player[1]
2017-09-05 13:51:24,364 INFO shooter [nioEventLoopGroup-3-4] account [1] player [1] save to db
2017-09-05 13:51:24,364 INFO shooter [nioEventLoopGroup-3-4] Disconnect from client
2017-09-05 13:51:25,925 INFO shooter [nioEventLoopGroup-3-5] Accept connect from client [0:0:0:0:0:0:0:1] count[17]
2017-09-05 13:51:29,669 INFO shooter [Timer-1] active battle field count[1]
2017-09-05 13:51:46,669 INFO shooter [Timer-0] active players count [2]
2017-09-05 13:52:26,483 INFO shooter [nioEventLoopGroup-3-5] Player [1] offline, CurrentPlayers [1]
2017-09-05 13:52:26,485 INFO db [nioEventLoopGroup-3-5] db: save account [1]
2017-09-05 13:52:26,488 INFO db [nioEventLoopGroup-3-5] db:save player[1]
2017-09-05 13:52:26,489 INFO shooter [nioEventLoopGroup-3-5] account [1] player [1] save to db
2017-09-05 13:52:26,490 INFO shooter [nioEventLoopGroup-3-5] Disconnect from client
2017-09-05 13:52:26,730 INFO shooter [nioEventLoopGroup-3-6] Accept connect from client [0:0:0:0:0:0:0:1] count[18]
2017-09-05 13:52:30,669 INFO shooter [Timer-1] active battle field count[1]
2017-09-05 13:52:51,670 INFO shooter [Timer-0] active players count [2]
2017-09-05 13:53:31,670 INFO shooter [Timer-1] active battle field count[1]
2017-09-05 13:53:56,670 INFO shooter [Timer-0] active players count [2]
2017-09-05 13:54:32,670 INFO shooter [Timer-1] active battle field count[1]
2017-09-05 13:55:01,670 INFO shooter [Timer-0] active players count [2]
2017-09-05 13:55:33,670 INFO shooter [Timer-1] active battle field count[1]
2017-09-05 13:56:06,669 INFO shooter [Timer-0] active players count [2]
2017-09-05 13:56:34,670 INFO shooter [Timer-1] active battle field count[1]
2017-09-05 13:57:11,669 INFO shooter [Timer-0] active players count [2]
2017-09-05 13:57:35,670 INFO shooter [Timer-1] active battle field count[1]
2017-09-05 13:58:16,670 INFO shooter [Timer-0] active players count [2]
2017-09-05 13:58:36,670 INFO shooter [Timer-1] active battle field count[1]
2017-09-05 13:59:21,670 INFO shooter [Timer-0] active players count [2]
2017-09-05 13:59:37,670 INFO shooter [Timer-1] active battle field count[1]
2017-09-05 14:00:26,171 INFO shooter [nioEventLoopGroup-3-6] Player [1] offline, CurrentPlayers [1]
2017-09-05 14:00:26,172 INFO db [nioEventLoopGroup-3-6] db: save account [1]
2017-09-05 14:00:26,175 INFO db [nioEventLoopGroup-3-6] db:save player[1]
2017-09-05 14:00:26,176 INFO shooter [nioEventLoopGroup-3-6] account [1] player [1] save to db
2017-09-05 14:00:26,176 INFO shooter [nioEventLoopGroup-3-6] Disconnect from client
2017-09-05 14:00:26,669 INFO shooter [Timer-0] active players count [1]
2017-09-05 14:00:27,483 INFO shooter [nioEventLoopGroup-3-7] Accept connect from client [0:0:0:0:0:0:0:1] count[19]
2017-09-05 14:00:38,670 INFO shooter [Timer-1] active battle field count[1]
2017-09-05 14:00:39,967 INFO shooter [nioEventLoopGroup-3-7] Player [1] offline, CurrentPlayers [1]
2017-09-05 14:00:39,968 INFO db [nioEventLoopGroup-3-7] db: save account [1]
2017-09-05 14:00:39,970 INFO db [nioEventLoopGroup-3-7] db:save player[1]
2017-09-05 14:00:39,971 INFO shooter [nioEventLoopGroup-3-7] account [1] player [1] save to db
2017-09-05 14:00:39,971 INFO shooter [nioEventLoopGroup-3-7] Disconnect from client
2017-09-05 14:01:31,670 INFO shooter [Timer-0] active players count [1]
2017-09-05 14:01:39,669 INFO shooter [Timer-1] active battle field count[1]
2017-09-05 14:02:20,167 INFO shooter [nioEventLoopGroup-3-2] Player [2] offline, CurrentPlayers [0]
2017-09-05 14:02:20,168 INFO db [nioEventLoopGroup-3-2] db: save account [2]
2017-09-05 14:02:20,170 INFO db [nioEventLoopGroup-3-2] db:save player[2]
2017-09-05 14:02:20,171 INFO shooter [nioEventLoopGroup-3-2] account [2] player [2] save to db
2017-09-05 14:02:20,171 INFO shooter [nioEventLoopGroup-3-2] Disconnect from client
2017-09-05 14:02:26,016 INFO shooter [nioEventLoopGroup-3-8] Accept connect from client [0:0:0:0:0:0:0:1] count[20]
2017-09-05 14:02:32,993 INFO shooter [nioEventLoopGroup-3-9] Accept connect from client [0:0:0:0:0:0:0:1] count[3]
2017-09-05 14:02:36,669 INFO shooter [Timer-0] active players count [2]
2017-09-05 14:02:40,671 INFO shooter [Timer-1] active battle field count[1]
2017-09-05 14:02:55,767 INFO shooter [nioEventLoopGroup-3-9] Player [2] offline, CurrentPlayers [1]
2017-09-05 14:02:55,767 INFO db [nioEventLoopGroup-3-9] db: save account [2]
2017-09-05 14:02:55,769 INFO db [nioEventLoopGroup-3-9] db:save player[2]
2017-09-05 14:02:55,770 INFO shooter [nioEventLoopGroup-3-9] account [2] player [2] save to db
2017-09-05 14:02:55,770 INFO shooter [nioEventLoopGroup-3-9] Disconnect from client
2017-09-05 14:02:57,102 INFO shooter [nioEventLoopGroup-3-8] Player [1] offline, CurrentPlayers [0]
2017-09-05 14:02:57,103 INFO db [nioEventLoopGroup-3-8] db: save account [1]
2017-09-05 14:02:57,105 INFO db [nioEventLoopGroup-3-8] db:save player[1]
2017-09-05 14:02:57,105 INFO shooter [nioEventLoopGroup-3-8] account [1] player [1] save to db
2017-09-05 14:02:57,105 INFO shooter [nioEventLoopGroup-3-8] Disconnect from client
2017-09-05 14:03:41,669 INFO shooter [Timer-1] active battle field count[0]
2017-09-05 14:03:41,670 INFO shooter [Timer-0] active players count [0]
2017-09-05 14:04:42,669 INFO shooter [Timer-1] active battle field count[0]
2017-09-05 14:04:46,669 INFO shooter [Timer-0] active players count [0]
2017-09-05 14:05:43,670 INFO shooter [Timer-1] active battle field count[0]
2017-09-05 14:05:51,670 INFO shooter [Timer-0] active players count [0]
2017-09-05 14:06:44,669 INFO shooter [Timer-1] active battle field count[0]
2017-09-05 14:06:56,669 INFO shooter [Timer-0] active players count [0]
2017-09-05 14:07:45,669 INFO shooter [Timer-1] active battle field count[0]
2017-09-05 14:08:01,669 INFO shooter [Timer-0] active players count [0]
2017-09-05 14:08:46,669 INFO shooter [Timer-1] active battle field count[0]
2017-09-05 14:09:06,669 INFO shooter [Timer-0] active players count [0]
2017-09-05 14:09:47,669 INFO shooter [Timer-1] active battle field count[0]
2017-09-05 14:10:11,670 INFO shooter [Timer-0] active players count [0]
2017-09-05 14:10:48,669 INFO shooter [Timer-1] active battle field count[0]
2017-09-05 14:11:16,670 INFO shooter [Timer-0] active players count [0]
2017-09-05 14:11:49,670 INFO shooter [Timer-1] active battle field count[0]
2017-09-05 14:12:21,670 INFO shooter [Timer-0] active players count [0]
2017-09-05 14:12:50,670 INFO shooter [Timer-1] active battle field count[0]
2017-09-05 14:13:26,670 INFO shooter [Timer-0] active players count [0]
2017-09-05 14:13:51,669 INFO shooter [Timer-1] active battle field count[0]
2017-09-05 14:14:31,669 INFO shooter [Timer-0] active players count [0]
2017-09-05 14:14:52,669 INFO shooter [Timer-1] active battle field count[0]
2017-09-05 14:15:36,669 INFO shooter [Timer-0] active players count [0]
2017-09-05 14:15:53,670 INFO shooter [Timer-1] active battle field count[0]
2017-09-05 14:16:41,669 INFO shooter [Timer-0] active players count [0]
2017-09-05 14:16:54,669 INFO shooter [Timer-1] active battle field count[0]
2017-09-05 14:17:46,669 INFO shooter [Timer-0] active players count [0]
2017-09-05 14:17:55,670 INFO shooter [Timer-1] active battle field count[0]
2017-09-05 14:18:51,669 INFO shooter [Timer-0] active players count [0]
2017-09-05 14:18:56,669 INFO shooter [Timer-1] active battle field count[0]
2017-09-05 14:19:56,669 INFO shooter [Timer-0] active players count [0]
2017-09-05 14:19:57,670 INFO shooter [Timer-1] active battle field count[0]
2017-09-05 14:20:58,670 INFO shooter [Timer-1] active battle field count[0]
2017-09-05 14:21:01,670 INFO shooter [Timer-0] active players count [0]
2017-09-05 14:21:59,669 INFO shooter [Timer-1] active battle field count[0]
2017-09-05 14:22:06,670 INFO shooter [Timer-0] active players count [0]
2017-09-05 14:23:00,669 INFO shooter [Timer-1] active battle field count[0]
2017-09-05 14:23:11,669 INFO shooter [Timer-0] active players count [0]
2017-09-05 14:24:01,670 INFO shooter [Timer-1] active battle field count[0]
2017-09-05 14:24:16,670 INFO shooter [Timer-0] active players count [0]
2017-09-05 14:25:02,669 INFO shooter [Timer-1] active battle field count[0]
2017-09-05 14:25:21,670 INFO shooter [Timer-0] active players count [0]
2017-09-05 14:26:03,670 INFO shooter [Timer-1] active battle field count[0]
2017-09-05 14:26:26,670 INFO shooter [Timer-0] active players count [0]
2017-09-05 14:27:04,669 INFO shooter [Timer-1] active battle field count[0]
2017-09-05 14:27:31,669 INFO shooter [Timer-0] active players count [0]
2017-09-05 14:28:05,669 INFO shooter [Timer-1] active battle field count[0]
2017-09-05 14:28:36,669 INFO shooter [Timer-0] active players count [0]
2017-09-05 14:29:06,670 INFO shooter [Timer-1] active battle field count[0]
2017-09-05 14:29:41,669 INFO shooter [Timer-0] active players count [0]
2017-09-05 14:30:07,670 INFO shooter [Timer-1] active battle field count[0]
2017-09-05 14:30:46,669 INFO shooter [Timer-0] active players count [0]
2017-09-05 14:31:08,669 INFO shooter [Timer-1] active battle field count[0]
2017-09-05 14:31:51,670 INFO shooter [Timer-0] active players count [0]
2017-09-05 14:32:09,670 INFO shooter [Timer-1] active battle field count[0]
2017-09-05 14:32:56,669 INFO shooter [Timer-0] active players count [0]
2017-09-05 14:33:10,669 INFO shooter [Timer-1] active battle field count[0]
2017-09-05 14:34:01,670 INFO shooter [Timer-0] active players count [0]
2017-09-05 14:34:11,670 INFO shooter [Timer-1] active battle field count[0]
2017-09-05 14:35:06,670 INFO shooter [Timer-0] active players count [0]
2017-09-05 14:35:12,670 INFO shooter [Timer-1] active battle field count[0]
2017-09-05 14:36:11,670 INFO shooter [Timer-0] active players count [0]
2017-09-05 14:36:13,670 INFO shooter [Timer-1] active battle field count[0]
2017-09-05 14:37:14,670 INFO shooter [Timer-1] active battle field count[0]
2017-09-05 14:37:16,669 INFO shooter [Timer-0] active players count [0]
2017-09-05 14:38:15,670 INFO shooter [Timer-1] active battle field count[0]
2017-09-05 14:38:21,670 INFO shooter [Timer-0] active players count [0]
2017-09-05 14:39:16,669 INFO shooter [Timer-1] active battle field count[0]
2017-09-05 14:39:26,670 INFO shooter [Timer-0] active players count [0]
2017-09-05 14:40:17,669 INFO shooter [Timer-1] active battle field count[0]
2017-09-05 14:40:31,669 INFO shooter [Timer-0] active players count [0]
2017-09-05 14:41:18,669 INFO shooter [Timer-1] active battle field count[0]
2017-09-05 14:41:36,669 INFO shooter [Timer-0] active players count [0]
2017-09-05 14:42:19,670 INFO shooter [Timer-1] active battle field count[0]
2017-09-05 14:42:41,669 INFO shooter [Timer-0] active players count [0]
2017-09-05 14:43:20,669 INFO shooter [Timer-1] active battle field count[0]
2017-09-05 14:43:46,669 INFO shooter [Timer-0] active players count [0]
2017-09-05 14:44:21,669 INFO shooter [Timer-1] active battle field count[0]
2017-09-05 14:44:51,669 INFO shooter [Timer-0] active players count [0]
2017-09-05 14:45:22,669 INFO shooter [Timer-1] active battle field count[0]
2017-09-05 14:45:56,669 INFO shooter [Timer-0] active players count [0]
2017-09-05 14:46:23,669 INFO shooter [Timer-1] active battle field count[0]
2017-09-05 14:47:01,669 INFO shooter [Timer-0] active players count [0]
2017-09-05 14:47:24,670 INFO shooter [Timer-1] active battle field count[0]
2017-09-05 14:48:06,670 INFO shooter [Timer-0] active players count [0]
2017-09-05 14:48:25,669 INFO shooter [Timer-1] active battle field count[0]
2017-09-05 14:49:11,670 INFO shooter [Timer-0] active players count [0]
2017-09-05 14:49:26,669 INFO shooter [Timer-1] active battle field count[0]
2017-09-05 14:50:16,669 INFO shooter [Timer-0] active players count [0]
2017-09-05 14:50:27,669 INFO shooter [Timer-1] active battle field count[0]
2017-09-05 14:51:21,670 INFO shooter [Timer-0] active players count [0]
2017-09-05 14:51:28,669 INFO shooter [Timer-1] active battle field count[0]
2017-09-05 14:52:26,669 INFO shooter [Timer-0] active players count [0]
2017-09-05 14:52:29,669 INFO shooter [Timer-1] active battle field count[0]
2017-09-05 14:53:30,669 INFO shooter [Timer-1] active battle field count[0]
2017-09-05 14:53:31,670 INFO shooter [Timer-0] active players count [0]
2017-09-05 14:54:31,669 INFO shooter [Timer-1] active battle field count[0]
2017-09-05 14:54:36,669 INFO shooter [Timer-0] active players count [0]
2017-09-05 14:55:32,670 INFO shooter [Timer-1] active battle field count[0]
2017-09-05 14:55:41,669 INFO shooter [Timer-0] active players count [0]
2017-09-05 14:56:33,670 INFO shooter [Timer-1] active battle field count[0]
2017-09-05 14:56:46,670 INFO shooter [Timer-0] active players count [0]
2017-09-05 14:57:34,669 INFO shooter [Timer-1] active battle field count[0]
2017-09-05 14:57:51,669 INFO shooter [Timer-0] active players count [0]
2017-09-05 14:58:35,669 INFO shooter [Timer-1] active battle field count[0]
2017-09-05 14:58:56,670 INFO shooter [Timer-0] active players count [0]
2017-09-05 14:59:36,669 INFO shooter [Timer-1] active battle field count[0]
2017-09-05 15:00:01,670 INFO shooter [Timer-0] active players count [0]
2017-09-05 15:00:37,669 INFO shooter [Timer-1] active battle field count[0]
2017-09-05 15:01:06,669 INFO shooter [Timer-0] active players count [0]
2017-09-05 15:01:38,670 INFO shooter [Timer-1] active battle field count[0]
2017-09-05 15:02:11,669 INFO shooter [Timer-0] active players count [0]
2017-09-05 15:02:39,669 INFO shooter [Timer-1] active battle field count[0]
2017-09-05 15:03:16,670 INFO shooter [Timer-0] active players count [0]
2017-09-05 15:03:40,670 INFO shooter [Timer-1] active battle field count[0]
2017-09-05 15:04:21,670 INFO shooter [Timer-0] active players count [0]
2017-09-05 15:04:41,669 INFO shooter [Timer-1] active battle field count[0]
2017-09-05 15:05:26,670 INFO shooter [Timer-0] active players count [0]
2017-09-05 15:05:42,669 INFO shooter [Timer-1] active battle field count[0]
2017-09-05 15:06:31,669 INFO shooter [Timer-0] active players count [0]
2017-09-05 15:06:43,669 INFO shooter [Timer-1] active battle field count[0]
2017-09-05 15:07:36,669 INFO shooter [Timer-0] active players count [0]
2017-09-05 15:07:44,669 INFO shooter [Timer-1] active battle field count[0]
2017-09-05 15:08:41,669 INFO shooter [Timer-0] active players count [0]
2017-09-05 15:08:45,669 INFO shooter [Timer-1] active battle field count[0]
2017-09-05 15:09:46,669 INFO shooter [Timer-0] active players count [0]
2017-09-05 15:09:46,670 INFO shooter [Timer-1] active battle field count[0]
2017-09-05 15:10:47,669 INFO shooter [Timer-1] active battle field count[0]
2017-09-05 15:10:51,670 INFO shooter [Timer-0] active players count [0]
2017-09-05 15:11:48,670 INFO shooter [Timer-1] active battle field count[0]
2017-09-05 15:11:56,669 INFO shooter [Timer-0] active players count [0]
2017-09-05 15:12:49,669 INFO shooter [Timer-1] active battle field count[0]
2017-09-05 15:13:01,670 INFO shooter [Timer-0] active players count [0]
2017-09-05 15:13:50,669 INFO shooter [Timer-1] active battle field count[0]
2017-09-05 15:14:06,669 INFO shooter [Timer-0] active players count [0]
2017-09-05 15:14:51,669 INFO shooter [Timer-1] active battle field count[0]
2017-09-05 15:15:11,669 INFO shooter [Timer-0] active players count [0]
2017-09-05 15:15:52,669 INFO shooter [Timer-1] active battle field count[0]
2017-09-05 15:16:16,669 INFO shooter [Timer-0] active players count [0]
2017-09-05 15:16:53,670 INFO shooter [Timer-1] active battle field count[0]
2017-09-05 15:17:21,669 INFO shooter [Timer-0] active players count [0]
2017-09-05 15:17:54,669 INFO shooter [Timer-1] active battle field count[0]
2017-09-05 15:18:26,670 INFO shooter [Timer-0] active players count [0]
2017-09-05 15:18:55,670 INFO shooter [Timer-1] active battle field count[0]
2017-09-05 15:19:31,669 INFO shooter [Timer-0] active players count [0]
2017-09-05 15:19:56,669 INFO shooter [Timer-1] active battle field count[0]
2017-09-05 15:20:36,669 INFO shooter [Timer-0] active players count [0]
2017-09-05 15:20:57,669 INFO shooter [Timer-1] active battle field count[0]
2017-09-05 15:21:41,670 INFO shooter [Timer-0] active players count [0]
2017-09-05 15:21:58,670 INFO shooter [Timer-1] active battle field count[0]
2017-09-05 15:22:46,669 INFO shooter [Timer-0] active players count [0]
2017-09-05 15:22:59,670 INFO shooter [Timer-1] active battle field count[0]
2017-09-05 15:23:51,669 INFO shooter [Timer-0] active players count [0]
2017-09-05 15:24:00,669 INFO shooter [Timer-1] active battle field count[0]
2017-09-05 15:24:56,670 INFO shooter [Timer-0] active players count [0]
2017-09-05 15:25:01,669 INFO shooter [Timer-1] active battle field count[0]
2017-09-05 15:26:01,670 INFO shooter [Timer-0] active players count [0]
2017-09-05 15:26:02,670 INFO shooter [Timer-1] active battle field count[0]
2017-09-05 15:27:03,669 INFO shooter [Timer-1] active battle field count[0]
2017-09-05 15:27:06,669 INFO shooter [Timer-0] active players count [0]
2017-09-05 15:28:04,670 INFO shooter [Timer-1] active battle field count[0]
2017-09-05 15:28:11,669 INFO shooter [Timer-0] active players count [0]
2017-09-05 15:29:05,669 INFO shooter [Timer-1] active battle field count[0]
2017-09-05 15:29:16,669 INFO shooter [Timer-0] active players count [0]
2017-09-05 15:30:06,669 INFO shooter [Timer-1] active battle field count[0]
2017-09-05 15:30:21,669 INFO shooter [Timer-0] active players count [0]
2017-09-05 15:31:07,669 INFO shooter [Timer-1] active battle field count[0]
2017-09-05 15:31:26,669 INFO shooter [Timer-0] active players count [0]
2017-09-05 15:32:08,669 INFO shooter [Timer-1] active battle field count[0]
2017-09-05 15:32:31,669 INFO shooter [Timer-0] active players count [0]
2017-09-05 15:33:09,669 INFO shooter [Timer-1] active battle field count[0]
2017-09-05 15:33:36,670 INFO shooter [Timer-0] active players count [0]
